






Started logging.
2022/07/27 18:38:16 logging to c:\Users\zhang'pei\Documents\Arduino\libraries\lvgl\examples\arduino\LVGL_Arduino\inols.log
2022/07/27 18:38:16 Initial board configuration: {"ESP32 Dev Module" esp32:esp32:esp32}
2022/07/27 18:38:16 Language server build path: C:\Users\zhang'pei\AppData\Local\Temp\arduino-language-server489113655
2022/07/27 18:38:16 Language server build sketch root: C:\Users\zhang'pei\AppData\Local\Temp\arduino-language-server489113655\sketch
2022/07/27 18:38:16 [92mIDE --> LS     CL: REQUEST initialize 0: [0m
2022/07/27 18:38:16 IDE --> initialize 0 [93m locked[0m
2022/07/27 18:38:16 IDE --> initialize 0 [93m unlocked[0m
2022/07/27 18:38:16 INIT--- initializing workbench
2022/07/27 18:38:16 INIT--- [93m locked[0m
2022/07/27 18:38:16     --> initialize(file:///c%3A/Users/zhang%27pei/Documents/Arduino/libraries/lvgl/examples/arduino/LVGL_Arduino)
2022/07/27 18:38:16 [91mIDE <-- LS     CL: ANSWER UNBOUND (0): [0m
2022/07/27 18:38:16 running:  d:\arduino\Arduino IDE\resources\app\node_modules\arduino-ide-extension\build\arduino-cli.exe --config-file c:\Users\zhang'pei\.arduinoIDE\arduino-cli.yaml compile --fqbn esp32:esp32:esp32 --only-compilation-database --clean --source-override C:\Users\ZHANG'~1\AppData\Local\Temp\639265834 --build-path C:\Users\zhang'pei\AppData\Local\Temp\arduino-language-server489113655 --format json C:\Users\zhang'pei\Documents\Arduino\libraries\lvgl\examples\arduino\LVGL_Arduino
2022/07/27 18:38:16 [92mIDE --> LS     CL: NOTIFICATION initialized: [0m
2022/07/27 18:38:17 INIT--- initializing workbench (done)
2022/07/27 18:38:17 INIT--- [93m unlocked[0m
2022/07/27 18:38:17 IDE --> initialized notif1 [93m read-locked[0m
2022/07/27 18:38:17 IDE --> initialized notif1 notification is not propagated to clangd
2022/07/27 18:38:17 IDE --> initialized notif1 [93m read-unlocked[0m
2022/07/27 18:38:17 [92mIDE --> LS     CL: NOTIFICATION textDocument/didOpen: [0m
2022/07/27 18:38:17 IDE --> textDocument/didOpen notif2 [93m locked[0m
2022/07/27 18:38:17 IDE --> textDocument/didOpen notif2 (throttled: waiting for clangd)
2022/07/27 18:38:17 IDE --> textDocument/didOpen notif2 [93m unlocked (waiting clangd)[0m







Started logging.
2022/07/27 18:40:40 logging to c:\Users\zhang'pei\Documents\Arduino\libraries\lvgl\examples\arduino\LVGL_Arduino\inols.log
2022/07/27 18:40:40 Initial board configuration: {"ESP32 Dev Module" esp32:esp32:esp32}
2022/07/27 18:40:40 Language server build path: C:\Users\zhang'pei\AppData\Local\Temp\arduino-language-server222252299
2022/07/27 18:40:40 Language server build sketch root: C:\Users\zhang'pei\AppData\Local\Temp\arduino-language-server222252299\sketch
2022/07/27 18:40:40 [92mIDE --> LS     CL: REQUEST initialize 0: [0m
2022/07/27 18:40:40 IDE --> initialize 0 [93m locked[0m
2022/07/27 18:40:40 IDE --> initialize 0 [93m unlocked[0m
2022/07/27 18:40:40 INIT--- initializing workbench
2022/07/27 18:40:40 INIT--- [93m locked[0m
2022/07/27 18:40:40     --> initialize(file:///c%3A/Users/zhang%27pei/Documents/Arduino/libraries/lvgl/examples/arduino/LVGL_Arduino)
2022/07/27 18:40:40 [91mIDE <-- LS     CL: ANSWER UNBOUND (0): [0m
2022/07/27 18:40:40 running:  d:\arduino\Arduino IDE\resources\app\node_modules\arduino-ide-extension\build\arduino-cli.exe --config-file c:\Users\zhang'pei\.arduinoIDE\arduino-cli.yaml compile --fqbn esp32:esp32:esp32 --only-compilation-database --clean --source-override C:\Users\ZHANG'~1\AppData\Local\Temp\348356846 --build-path C:\Users\zhang'pei\AppData\Local\Temp\arduino-language-server222252299 --format json C:\Users\zhang'pei\Documents\Arduino\libraries\lvgl\examples\arduino\LVGL_Arduino
2022/07/27 18:40:40 [92mIDE --> LS     CL: NOTIFICATION initialized: [0m
2022/07/27 18:40:42 INIT--- initializing workbench (done)
2022/07/27 18:40:42 INIT--- [93m unlocked[0m
2022/07/27 18:40:42 IDE --> initialized notif1 [93m read-locked[0m
2022/07/27 18:40:42 IDE --> initialized notif1 notification is not propagated to clangd
2022/07/27 18:40:42 IDE --> initialized notif1 [93m read-unlocked[0m
2022/07/27 18:40:42 [92mIDE --> LS     CL: NOTIFICATION textDocument/didOpen: [0m
2022/07/27 18:40:42 IDE --> textDocument/didOpen notif2 [93m locked[0m
2022/07/27 18:40:42 IDE --> textDocument/didOpen notif2 (throttled: waiting for clangd)
2022/07/27 18:40:42 IDE --> textDocument/didOpen notif2 [93m unlocked (waiting clangd)[0m
